[01m[K/home/jorgem/Documents/Industrial/ros_ws/src/lidar/rplidar_ros/src/collision.cpp:[m[K In function â€˜[01m[Kvoid scanCallback(const ConstPtr&)[m[Kâ€™:
[01m[K/home/jorgem/Documents/Industrial/ros_ws/src/lidar/rplidar_ros/src/collision.cpp:23:13:[m[K [01;31m[Kerror: [m[Kâ€˜[01m[Ktopic_pub[m[Kâ€™ was not declared in this scope
   23 |             [01;31m[Ktopic_pub[m[K.publish(stop);
      |             [01;31m[K^~~~~~~~~[m[K
make[2]: *** [CMakeFiles/rplidarCollision.dir/build.make:63: CMakeFiles/rplidarCollision.dir/src/collision.cpp.o] Error 1
make[1]: *** [CMakeFiles/Makefile2:169: CMakeFiles/rplidarCollision.dir/all] Error 2
make: *** [Makefile:141: all] Error 2
